warning: in the working copy of 'docs/atoms/zos-acee-001.md', LF will be replaced by CRLF the next time Git touches it
warning: in the working copy of 'docs/atoms/zos-ansible-001.md', LF will be replaced by CRLF the next time Git touches it
warning: in the working copy of 'docs/atoms/zos-arm-001.md', LF will be replaced by CRLF the next time Git touches it
warning: in the working copy of 'docs/atoms/zos-ascb-001.md', LF will be replaced by CRLF the next time Git touches it
warning: in the working copy of 'docs/atoms/zos-at-tls-001.md', LF will be replaced by CRLF the next time Git touches it
warning: in the working copy of 'docs/atoms/zos-capcalc-001.md', LF will be replaced by CRLF the next time Git touches it
warning: in the working copy of 'docs/atoms/zos-catalog-001.md', LF will be replaced by CRLF the next time Git touches it
warning: in the working copy of 'docs/atoms/zos-certmgmt-001.md', LF will be replaced by CRLF the next time Git touches it
warning: in the working copy of 'docs/atoms/zos-cf-001.md', LF will be replaced by CRLF the next time Git touches it
warning: in the working copy of 'docs/atoms/zos-cics-001.md', LF will be replaced by CRLF the next time Git touches it
warning: in the working copy of 'docs/atoms/zos-console-001.md', LF will be replaced by CRLF the next time Git touches it
warning: in the working copy of 'docs/atoms/zos-dasd-001.md', LF will be replaced by CRLF the next time Git touches it
warning: in the working copy of 'docs/atoms/zos-dataset-001.md', LF will be replaced by CRLF the next time Git touches it
warning: in the working copy of 'docs/atoms/zos-db2-001.md', LF will be replaced by CRLF the next time Git touches it
warning: in the working copy of 'docs/atoms/zos-dump-001.md', LF will be replaced by CRLF the next time Git touches it
warning: in the working copy of 'docs/atoms/zos-ee-001.md', LF will be replaced by CRLF the next time Git touches it
warning: in the working copy of 'docs/atoms/zos-ftp-001.md', LF will be replaced by CRLF the next time Git touches it
warning: in the working copy of 'docs/atoms/zos-gdg-001.md', LF will be replaced by CRLF the next time Git touches it
warning: in the working copy of 'docs/atoms/zos-gdps-001.md', LF will be replaced by CRLF the next time Git touches it
warning: in the working copy of 'docs/atoms/zos-grs-001.md', LF will be replaced by CRLF the next time Git touches it
warning: in the working copy of 'docs/atoms/zos-hsm-001.md', LF will be replaced by CRLF the next time Git touches it
warning: in the working copy of 'docs/atoms/zos-icsf-001.md', LF will be replaced by CRLF the next time Git touches it
warning: in the working copy of 'docs/atoms/zos-idcams-001.md', LF will be replaced by CRLF the next time Git touches it
warning: in the working copy of 'docs/atoms/zos-iebcopy-001.md', LF will be replaced by CRLF the next time Git touches it
warning: in the working copy of 'docs/atoms/zos-iefbr14-001.md', LF will be replaced by CRLF the next time Git touches it
warning: in the working copy of 'docs/atoms/zos-ims-001.md', LF will be replaced by CRLF the next time Git touches it
warning: in the working copy of 'docs/atoms/zos-ipcs-001.md', LF will be replaced by CRLF the next time Git touches it
warning: in the working copy of 'docs/atoms/zos-ipl-001.md', LF will be replaced by CRLF the next time Git touches it
warning: in the working copy of 'docs/atoms/zos-ird-001.md', LF will be replaced by CRLF the next time Git touches it
warning: in the working copy of 'docs/atoms/zos-java-001.md', LF will be replaced by CRLF the next time Git touches it
warning: in the working copy of 'docs/atoms/zos-jcl-001.md', LF will be replaced by CRLF the next time Git touches it
warning: in the working copy of 'docs/atoms/zos-linuxonz-001.md', LF will be replaced by CRLF the next time Git touches it
warning: in the working copy of 'docs/atoms/zos-mq-001.md', LF will be replaced by CRLF the next time Git touches it
warning: in the working copy of 'docs/atoms/zos-netview-001.md', LF will be replaced by CRLF the next time Git touches it
warning: in the working copy of 'docs/atoms/zos-operlog-001.md', LF will be replaced by CRLF the next time Git touches it
warning: in the working copy of 'docs/atoms/zos-osa-001.md', LF will be replaced by CRLF the next time Git touches it
warning: in the working copy of 'docs/atoms/zos-parallelsysplex-001.md', LF will be replaced by CRLF the next time Git touches it
warning: in the working copy of 'docs/atoms/zos-pds-001.md', LF will be replaced by CRLF the next time Git touches it
warning: in the working copy of 'docs/atoms/zos-pe-001.md', LF will be replaced by CRLF the next time Git touches it
warning: in the working copy of 'docs/atoms/zos-racf-001.md', LF will be replaced by CRLF the next time Git touches it
warning: in the working copy of 'docs/atoms/zos-racf-adv-001.md', LF will be replaced by CRLF the next time Git touches it
warning: in the working copy of 'docs/atoms/zos-recovery-001.md', LF will be replaced by CRLF the next time Git touches it
warning: in the working copy of 'docs/atoms/zos-rmf-001.md', LF will be replaced by CRLF the next time Git touches it
warning: in the working copy of 'docs/atoms/zos-rrs-001.md', LF will be replaced by CRLF the next time Git touches it
warning: in the working copy of 'docs/atoms/zos-saf-001.md', LF will be replaced by CRLF the next time Git touches it
warning: in the working copy of 'docs/atoms/zos-sched-001.md', LF will be replaced by CRLF the next time Git touches it
warning: in the working copy of 'docs/atoms/zos-smf-001.md', LF will be replaced by CRLF the next time Git touches it
warning: in the working copy of 'docs/atoms/zos-sms-001.md', LF will be replaced by CRLF the next time Git touches it
warning: in the working copy of 'docs/atoms/zos-sort-001.md', LF will be replaced by CRLF the next time Git touches it
warning: in the working copy of 'docs/atoms/zos-tape-001.md', LF will be replaced by CRLF the next time Git touches it
warning: in the working copy of 'docs/atoms/zos-tcpip-001.md', LF will be replaced by CRLF the next time Git touches it
warning: in the working copy of 'docs/atoms/zos-tso-001.md', LF will be replaced by CRLF the next time Git touches it
warning: in the working copy of 'docs/atoms/zos-uss-001.md', LF will be replaced by CRLF the next time Git touches it
warning: in the working copy of 'docs/atoms/zos-virtstor-001.md', LF will be replaced by CRLF the next time Git touches it
warning: in the working copy of 'docs/atoms/zos-vsam-001.md', LF will be replaced by CRLF the next time Git touches it
warning: in the working copy of 'docs/atoms/zos-vtam-001.md', LF will be replaced by CRLF the next time Git touches it
warning: in the working copy of 'docs/atoms/zos-waitstate-001.md', LF will be replaced by CRLF the next time Git touches it
warning: in the working copy of 'docs/atoms/zos-was-001.md', LF will be replaced by CRLF the next time Git touches it
warning: in the working copy of 'docs/atoms/zos-wlm-001.md', LF will be replaced by CRLF the next time Git touches it
warning: in the working copy of 'docs/atoms/zos-xcf-001.md', LF will be replaced by CRLF the next time Git touches it
warning: in the working copy of 'docs/atoms/zos-zcx-001.md', LF will be replaced by CRLF the next time Git touches it
warning: in the working copy of 'docs/atoms/zos-zosmf-001.md', LF will be replaced by CRLF the next time Git touches it
warning: in the working copy of 'docs/atoms/zos-iebcompr-001.md', LF will be replaced by CRLF the next time Git touches it
warning: in the working copy of 'docs/atoms/zos-iebgener-001.md', LF will be replaced by CRLF the next time Git touches it
warning: in the working copy of 'docs/atoms/zos-ispf-001.md', LF will be replaced by CRLF the next time Git touches it
warning: in the working copy of 'docs/atoms/zos-korn-shell-001.md', LF will be replaced by CRLF the next time Git touches it
warning: in the working copy of 'docs/atoms/zos-parmlib-001.md', LF will be replaced by CRLF the next time Git touches it
warning: in the working copy of 'docs/atoms/zos-proclib-001.md', LF will be replaced by CRLF the next time Git touches it
warning: in the working copy of 'docs/atoms/zos-racf-passticket-001.md', LF will be replaced by CRLF the next time Git touches it
warning: in the working copy of 'docs/atoms/zos-rexx-001.md', LF will be replaced by CRLF the next time Git touches it
warning: in the working copy of 'docs/atoms/zos-sdsf-001.md', LF will be replaced by CRLF the next time Git touches it
warning: in the working copy of 'docs/atoms/zos-system-symbols-001.md', LF will be replaced by CRLF the next time Git touches it
warning: in the working copy of 'docs/atoms/zos-uss-fs-001.md', LF will be replaced by CRLF the next time Git touches it
warning: in the working copy of 'docs/atoms/zos-uss-permissions-001.md', LF will be replaced by CRLF the next time Git touches it
warning: in the working copy of 'docs/atoms/zos-uss-shell-001.md', LF will be replaced by CRLF the next time Git touches it
warning: in the working copy of 'docs/atoms/zos-utility-001.md', LF will be replaced by CRLF the next time Git touches it
M  docs/atoms/zos-acee-001.md
M  docs/atoms/zos-ansible-001.md
M  docs/atoms/zos-arm-001.md
M  docs/atoms/zos-ascb-001.md
M  docs/atoms/zos-at-tls-001.md
M  docs/atoms/zos-capcalc-001.md
M  docs/atoms/zos-catalog-001.md
M  docs/atoms/zos-certmgmt-001.md
M  docs/atoms/zos-cf-001.md
M  docs/atoms/zos-cics-001.md
M  docs/atoms/zos-console-001.md
M  docs/atoms/zos-dasd-001.md
M  docs/atoms/zos-dataset-001.md
M  docs/atoms/zos-db2-001.md
M  docs/atoms/zos-dump-001.md
M  docs/atoms/zos-ee-001.md
M  docs/atoms/zos-ftp-001.md
M  docs/atoms/zos-gdg-001.md
M  docs/atoms/zos-gdps-001.md
M  docs/atoms/zos-grs-001.md
M  docs/atoms/zos-hsm-001.md
M  docs/atoms/zos-icsf-001.md
M  docs/atoms/zos-idcams-001.md
A  docs/atoms/zos-iebcompr-001.md
M  docs/atoms/zos-iebcopy-001.md
A  docs/atoms/zos-iebgener-001.md
M  docs/atoms/zos-iefbr14-001.md
M  docs/atoms/zos-ims-001.md
M  docs/atoms/zos-ipcs-001.md
M  docs/atoms/zos-ipl-001.md
M  docs/atoms/zos-ird-001.md
A  docs/atoms/zos-ispf-001.md
M  docs/atoms/zos-java-001.md
M  docs/atoms/zos-jcl-001.md
A  docs/atoms/zos-korn-shell-001.md
M  docs/atoms/zos-linuxonz-001.md
M  docs/atoms/zos-mq-001.md
M  docs/atoms/zos-netview-001.md
M  docs/atoms/zos-operlog-001.md
M  docs/atoms/zos-osa-001.md
M  docs/atoms/zos-parallelsysplex-001.md
A  docs/atoms/zos-parmlib-001.md
M  docs/atoms/zos-pds-001.md
M  docs/atoms/zos-pe-001.md
A  docs/atoms/zos-proclib-001.md
M  docs/atoms/zos-racf-001.md
M  docs/atoms/zos-racf-adv-001.md
A  docs/atoms/zos-racf-passticket-001.md
M  docs/atoms/zos-recovery-001.md
A  docs/atoms/zos-rexx-001.md
M  docs/atoms/zos-rmf-001.md
M  docs/atoms/zos-rrs-001.md
M  docs/atoms/zos-saf-001.md
M  docs/atoms/zos-sched-001.md
A  docs/atoms/zos-sdsf-001.md
M  docs/atoms/zos-smf-001.md
M  docs/atoms/zos-sms-001.md
M  docs/atoms/zos-sort-001.md
A  docs/atoms/zos-system-symbols-001.md
M  docs/atoms/zos-tape-001.md
M  docs/atoms/zos-tcpip-001.md
M  docs/atoms/zos-tso-001.md
M  docs/atoms/zos-uss-001.md
A  docs/atoms/zos-uss-fs-001.md
A  docs/atoms/zos-uss-permissions-001.md
A  docs/atoms/zos-uss-shell-001.md
A  docs/atoms/zos-utility-001.md
M  docs/atoms/zos-virtstor-001.md
M  docs/atoms/zos-vsam-001.md
M  docs/atoms/zos-vtam-001.md
M  docs/atoms/zos-waitstate-001.md
M  docs/atoms/zos-was-001.md
M  docs/atoms/zos-wlm-001.md
M  docs/atoms/zos-xcf-001.md
M  docs/atoms/zos-zcx-001.md
M  docs/atoms/zos-zosmf-001.md
?? push.bat
?? push.log
?? push2.bat
?? push2.log
[main 47a06a1] docs: refresh 62 z/OS atoms + add 14 new atoms (ADR-0108/0109)
 76 files changed, 2040 insertions(+), 340 deletions(-)
 create mode 100644 docs/atoms/zos-iebcompr-001.md
 create mode 100644 docs/atoms/zos-iebgener-001.md
 create mode 100644 docs/atoms/zos-ispf-001.md
 create mode 100644 docs/atoms/zos-korn-shell-001.md
 create mode 100644 docs/atoms/zos-parmlib-001.md
 create mode 100644 docs/atoms/zos-proclib-001.md
 create mode 100644 docs/atoms/zos-racf-passticket-001.md
 create mode 100644 docs/atoms/zos-rexx-001.md
 create mode 100644 docs/atoms/zos-sdsf-001.md
 create mode 100644 docs/atoms/zos-system-symbols-001.md
 create mode 100644 docs/atoms/zos-uss-fs-001.md
 create mode 100644 docs/atoms/zos-uss-permissions-001.md
 create mode 100644 docs/atoms/zos-uss-shell-001.md
 create mode 100644 docs/atoms/zos-utility-001.md
commit RC=0 
To https://github.com/ai-crafted-portfolio/zos-atoms.git
   e3d7e6f..47a06a1  main -> main
push RC=0 
=== DONE 2026/06/04 18:52:20.78 === 
